<?xml version="1.0" encoding="UTF-8"?>
<robot generator="Robot 4.1.3 (Python 3.8.10 on linux)" generated="20220207 02:09:34.541" rpa="false" schemaversion="2">
<suite id="s1" name="Hello World" source="/home/przemek/PycharmProjects/zajecia_testowanie/hello_world.robot">
<test id="s1-t1" name="123">
<kw name="Add 5 To" library="operations">
<var>${x}</var>
<arg>6</arg>
<kw name="Evaluate" library="BuiltIn">
<var>${result}</var>
<arg>5+${n}</arg>
<doc>Evaluates the given expression in Python and returns the result.</doc>
<msg timestamp="20220207 02:09:34.567" level="INFO">${result} = 11</msg>
<status status="PASS" starttime="20220207 02:09:34.567" endtime="20220207 02:09:34.567"/>
</kw>
<msg timestamp="20220207 02:09:34.568" level="INFO">${x} = 11</msg>
<status status="PASS" starttime="20220207 02:09:34.566" endtime="20220207 02:09:34.568"/>
</kw>
<kw name="Log To Console" library="BuiltIn">
<arg>${x}</arg>
<doc>Logs the given message to the console.</doc>
<status status="PASS" starttime="20220207 02:09:34.568" endtime="20220207 02:09:34.568"/>
</kw>
<status status="PASS" starttime="20220207 02:09:34.565" endtime="20220207 02:09:34.569"/>
</test>
<status status="PASS" starttime="20220207 02:09:34.542" endtime="20220207 02:09:34.570"/>
</suite>
<statistics>
<total>
<stat pass="1" fail="0" skip="0">All Tests</stat>
</total>
<tag>
</tag>
<suite>
<stat pass="1" fail="0" skip="0" id="s1" name="Hello World">Hello World</stat>
</suite>
</statistics>
<errors>
</errors>
</robot>
